2026-03-13T00:05:52.057+05:30  INFO 26508 --- [Petistaan] [http-nio-8080-exec-5] com.abhishekvermaa10.aspect.LogAspect    : Entered Page com.abhishekvermaa10.service.impl.OwnerServiceImpl.findIdAndFirstNameAndLastNameAndPetNameOfPaginatedOwners(Pageable) with arguments as [Page request [number: 0, size 5, sort: UNSORTED]]
2026-03-13T00:05:53.520+05:30  INFO 26508 --- [Petistaan] [http-nio-8080-exec-5] com.abhishekvermaa10.aspect.LogAspect    : Completed Page com.abhishekvermaa10.service.impl.OwnerServiceImpl.findIdAndFirstNameAndLastNameAndPetNameOfPaginatedOwners(Pageable) with result as Page 1 of 15 containing com.abhishekvermaa10.dto.OwnerPetInfoDTO instances
2026-03-13T00:05:53.624+05:30  WARN 26508 --- [Petistaan] [http-nio-8080-exec-5] ration$PageModule$WarningLoggingModifier : Serializing PageImpl instances as-is is not supported, meaning that there is no guarantee about the stability of the resulting JSON structure!
	For a stable JSON structure, please use Spring Data's PagedModel (globally via @EnableSpringDataWebSupport(pageSerializationMode = VIA_DTO))
	or Spring HATEOAS and Spring Data's PagedResourcesAssembler as documented in https://docs.spring.io/spring-data/commons/reference/repositories/core-extensions.html#core.web.pageables.

2026-03-13T00:06:38.385+05:30  INFO 26508 --- [Petistaan] [http-nio-8080-exec-6] com.abhishekvermaa10.aspect.LogAspect    : Entered Page com.abhishekvermaa10.service.impl.OwnerServiceImpl.findIdAndFirstNameAndLastNameAndPetNameOfPaginatedOwners(Pageable) with arguments as [Page request [number: 0, size 5, sort: firstname: DESC]]
2026-03-13T00:06:39.442+05:30 ERROR 26508 --- [Petistaan] [http-nio-8080-exec-6] com.abhishekvermaa10.aspect.LogAspect    : Completed Page com.abhishekvermaa10.service.impl.OwnerServiceImpl.findIdAndFirstNameAndLastNameAndPetNameOfPaginatedOwners(Pageable) with exception as org.hibernate.query.sqm.UnknownPathException: Could not resolve attribute 'firstname' of 'com.abhishekvermaa10.entity.Owner' [SELECT o.id, o.firstName, o.lastName, o.pet.name FROM Owner o JOIN o.pet order by o.firstname desc]
2026-03-13T00:06:39.725+05:30 ERROR 26508 --- [Petistaan] [http-nio-8080-exec-6] o.a.c.c.C.[.[.[.[dispatcherServlet]      : Servlet.service() for servlet [dispatcherServlet] in context with path [/petistaan] threw exception [Request processing failed: org.springframework.dao.InvalidDataAccessApiUsageException: org.hibernate.query.sqm.UnknownPathException: Could not resolve attribute 'firstname' of 'com.abhishekvermaa10.entity.Owner' [SELECT o.id, o.firstName, o.lastName, o.pet.name FROM Owner o JOIN o.pet order by o.firstname desc]] with root cause

org.hibernate.query.sqm.PathElementException: Could not resolve attribute 'firstname' of 'com.abhishekvermaa10.entity.Owner'
	at org.hibernate.query.sqm.SqmPathSource.getSubPathSource(SqmPathSource.java:95) ~[hibernate-core-6.6.42.Final.jar:6.6.42.Final]
	at org.hibernate.query.sqm.tree.domain.AbstractSqmPath.get(AbstractSqmPath.java:199) ~[hibernate-core-6.6.42.Final.jar:6.6.42.Final]
	at org.hibernate.query.sqm.tree.domain.AbstractSqmFrom.resolvePathPart(AbstractSqmFrom.java:198) ~[hibernate-core-6.6.42.Final.jar:6.6.42.Final]
	at org.hibernate.query.hql.internal.DomainPathPart.resolvePathPart(DomainPathPart.java:42) ~[hibernate-core-6.6.42.Final.jar:6.6.42.Final]
	at org.hibernate.query.hql.internal.BasicDotIdentifierConsumer.consumeIdentifier(BasicDotIdentifierConsumer.java:92) ~[hibernate-core-6.6.42.Final.jar:6.6.42.Final]
	at org.hibernate.query.hql.internal.SemanticQueryBuilder.visitSimplePath(SemanticQueryBuilder.java:5432) ~[hibernate-core-6.6.42.Final.jar:6.6.42.Final]
	at org.hibernate.query.hql.internal.SemanticQueryBuilder.visitGeneralPathFragment(SemanticQueryBuilder.java:5292) ~[hibernate-core-6.6.42.Final.jar:6.6.42.Final]
	at org.hibernate.query.hql.internal.SemanticQueryBuilder.visitGeneralPathExpression(SemanticQueryBuilder.java:1884) ~[hibernate-core-6.6.42.Final.jar:6.6.42.Final]
	at org.hibernate.grammars.hql.HqlParser$GeneralPathExpressionContext.accept(HqlParser.java:7882) ~[hibernate-core-6.6.42.Final.jar:6.6.42.Final]
	at org.antlr.v4.runtime.tree.AbstractParseTreeVisitor.visitChildren(AbstractParseTreeVisitor.java:46) ~[antlr4-runtime-4.13.0.jar:4.13.0]
	at org.hibernate.grammars.hql.HqlParserBaseVisitor.visitBarePrimaryExpression(HqlParserBaseVisitor.java:749) ~[hibernate-core-6.6.42.Final.jar:6.6.42.Final]
	at org.hibernate.grammars.hql.HqlParser$BarePrimaryExpressionContext.accept(HqlParser.java:7331) ~[hibernate-core-6.6.42.Final.jar:6.6.42.Final]
	at org.hibernate.query.hql.internal.SemanticQueryBuilder.resolveOrderByOrGroupByExpression(SemanticQueryBuilder.java:1705) ~[hibernate-core-6.6.42.Final.jar:6.6.42.Final]
	at org.hibernate.query.hql.internal.SemanticQueryBuilder.visitSortExpression(SemanticQueryBuilder.java:1789) ~[hibernate-core-6.6.42.Final.jar:6.6.42.Final]
	at org.hibernate.query.hql.internal.SemanticQueryBuilder.visitSortSpecification(SemanticQueryBuilder.java:1748) ~[hibernate-core-6.6.42.Final.jar:6.6.42.Final]
	at org.hibernate.query.hql.internal.SemanticQueryBuilder.visitOrderByClause(SemanticQueryBuilder.java:1731) ~[hibernate-core-6.6.42.Final.jar:6.6.42.Final]
	at org.hibernate.query.hql.internal.SemanticQueryBuilder.visitOrderByClause(SemanticQueryBuilder.java:1720) ~[hibernate-core-6.6.42.Final.jar:6.6.42.Final]
	at org.hibernate.query.hql.internal.SemanticQueryBuilder.visitQueryOrder(SemanticQueryBuilder.java:1187) ~[hibernate-core-6.6.42.Final.jar:6.6.42.Final]
	at org.hibernate.query.hql.internal.SemanticQueryBuilder.visitQuerySpecExpression(SemanticQueryBuilder.java:1032) ~[hibernate-core-6.6.42.Final.jar:6.6.42.Final]
	at org.hibernate.query.hql.internal.SemanticQueryBuilder.visitQuerySpecExpression(SemanticQueryBuilder.java:278) ~[hibernate-core-6.6.42.Final.jar:6.6.42.Final]
	at org.hibernate.grammars.hql.HqlParser$QuerySpecExpressionContext.accept(HqlParser.java:2077) ~[hibernate-core-6.6.42.Final.jar:6.6.42.Final]
	at org.hibernate.query.hql.internal.SemanticQueryBuilder.visitQueryExpression(SemanticQueryBuilder.java:1063) ~[hibernate-core-6.6.42.Final.jar:6.6.42.Final]
	at org.hibernate.query.hql.internal.SemanticQueryBuilder.visitQueryExpression(SemanticQueryBuilder.java:278) ~[hibernate-core-6.6.42.Final.jar:6.6.42.Final]
	at org.hibernate.grammars.hql.HqlParser$QueryExpressionContext.accept(HqlParser.java:1973) ~[hibernate-core-6.6.42.Final.jar:6.6.42.Final]
	at org.hibernate.query.hql.internal.SemanticQueryBuilder.visitSelectStatement(SemanticQueryBuilder.java:493) ~[hibernate-core-6.6.42.Final.jar:6.6.42.Final]
	at org.hibernate.query.hql.internal.SemanticQueryBuilder.visitStatement(SemanticQueryBuilder.java:452) ~[hibernate-core-6.6.42.Final.jar:6.6.42.Final]
	at org.hibernate.query.hql.internal.SemanticQueryBuilder.buildSemanticModel(SemanticQueryBuilder.java:325) ~[hibernate-core-6.6.42.Final.jar:6.6.42.Final]
	at org.hibernate.query.hql.internal.StandardHqlTranslator.translate(StandardHqlTranslator.java:71) ~[hibernate-core-6.6.42.Final.jar:6.6.42.Final]
	at org.hibernate.query.internal.QueryInterpretationCacheStandardImpl.createHqlInterpretation(QueryInterpretationCacheStandardImpl.java:145) ~[hibernate-core-6.6.42.Final.jar:6.6.42.Final]
	at org.hibernate.query.internal.QueryInterpretationCacheStandardImpl.resolveHqlInterpretation(QueryInterpretationCacheStandardImpl.java:132) ~[hibernate-core-6.6.42.Final.jar:6.6.42.Final]
	at org.hibernate.query.spi.QueryEngine.interpretHql(QueryEngine.java:54) ~[hibernate-core-6.6.42.Final.jar:6.6.42.Final]
	at org.hibernate.internal.AbstractSharedSessionContract.interpretHql(AbstractSharedSessionContract.java:832) ~[hibernate-core-6.6.42.Final.jar:6.6.42.Final]
	at org.hibernate.internal.AbstractSharedSessionContract.createQuery(AbstractSharedSessionContract.java:878) ~[hibernate-core-6.6.42.Final.jar:6.6.42.Final]
	at org.hibernate.internal.AbstractSharedSessionContract.createQuery(AbstractSharedSessionContract.java:796) ~[hibernate-core-6.6.42.Final.jar:6.6.42.Final]
	at org.hibernate.internal.AbstractSharedSessionContract.createQuery(AbstractSharedSessionContract.java:143) ~[hibernate-core-6.6.42.Final.jar:6.6.42.Final]
	at java.base/jdk.internal.reflect.DirectMethodHandleAccessor.invoke(DirectMethodHandleAccessor.java:103) ~[na:na]
	at java.base/java.lang.reflect.Method.invoke(Method.java:580) ~[na:na]
	at org.springframework.orm.jpa.ExtendedEntityManagerCreator$ExtendedEntityManagerInvocationHandler.invoke(ExtendedEntityManagerCreator.java:364) ~[spring-orm-6.2.16.jar:6.2.16]
	at jdk.proxy4/jdk.proxy4.$Proxy128.createQuery(Unknown Source) ~[na:na]
	at java.base/jdk.internal.reflect.DirectMethodHandleAccessor.invoke(DirectMethodHandleAccessor.java:103) ~[na:na]
	at java.base/java.lang.reflect.Method.invoke(Method.java:580) ~[na:na]
	at org.springframework.orm.jpa.SharedEntityManagerCreator$SharedEntityManagerInvocationHandler.invoke(SharedEntityManagerCreator.java:320) ~[spring-orm-6.2.16.jar:6.2.16]
	at jdk.proxy4/jdk.proxy4.$Proxy128.createQuery(Unknown Source) ~[na:na]
	at org.springframework.data.jpa.repository.query.AbstractStringBasedJpaQuery.createJpaQuery(AbstractStringBasedJpaQuery.java:234) ~[spring-data-jpa-3.5.9.jar:3.5.9]
	at org.springframework.data.jpa.repository.query.AbstractStringBasedJpaQuery.doCreateQuery(AbstractStringBasedJpaQuery.java:126) ~[spring-data-jpa-3.5.9.jar:3.5.9]
	at org.springframework.data.jpa.repository.query.AbstractJpaQuery.createQuery(AbstractJpaQuery.java:251) ~[spring-data-jpa-3.5.9.jar:3.5.9]
	at org.springframework.data.jpa.repository.query.JpaQueryExecution$PagedExecution.doExecute(JpaQueryExecution.java:205) ~[spring-data-jpa-3.5.9.jar:3.5.9]
	at org.springframework.data.jpa.repository.query.JpaQueryExecution.execute(JpaQueryExecution.java:95) ~[spring-data-jpa-3.5.9.jar:3.5.9]
	at org.springframework.data.jpa.repository.query.AbstractJpaQuery.doExecute(AbstractJpaQuery.java:160) ~[spring-data-jpa-3.5.9.jar:3.5.9]
	at org.springframework.data.jpa.repository.query.AbstractJpaQuery.execute(AbstractJpaQuery.java:148) ~[spring-data-jpa-3.5.9.jar:3.5.9]
	at org.springframework.data.repository.core.support.RepositoryMethodInvoker.doInvoke(RepositoryMethodInvoker.java:170) ~[spring-data-commons-3.5.9.jar:3.5.9]
	at org.springframework.data.repository.core.support.RepositoryMethodInvoker.invoke(RepositoryMethodInvoker.java:158) ~[spring-data-commons-3.5.9.jar:3.5.9]
	at org.springframework.data.repository.core.support.QueryExecutorMethodInterceptor.doInvoke(QueryExecutorMethodInterceptor.java:170) ~[spring-data-commons-3.5.9.jar:3.5.9]
	at org.springframework.data.repository.core.support.QueryExecutorMethodInterceptor.invoke(QueryExecutorMethodInterceptor.java:149) ~[spring-data-commons-3.5.9.jar:3.5.9]
	at org.springframework.aop.framework.ReflectiveMethodInvocation.proceed(ReflectiveMethodInvocation.java:184) ~[spring-aop-6.2.16.jar:6.2.16]
	at org.springframework.data.projection.DefaultMethodInvokingMethodInterceptor.invoke(DefaultMethodInvokingMethodInterceptor.java:69) ~[spring-data-commons-3.5.9.jar:3.5.9]
	at org.springframework.aop.framework.ReflectiveMethodInvocation.proceed(ReflectiveMethodInvocation.java:184) ~[spring-aop-6.2.16.jar:6.2.16]
	at org.springframework.transaction.interceptor.TransactionAspectSupport.invokeWithinTransaction(TransactionAspectSupport.java:380) ~[spring-tx-6.2.16.jar:6.2.16]
	at org.springframework.transaction.interceptor.TransactionInterceptor.invoke(TransactionInterceptor.java:119) ~[spring-tx-6.2.16.jar:6.2.16]
	at org.springframework.aop.framework.ReflectiveMethodInvocation.proceed(ReflectiveMethodInvocation.java:184) ~[spring-aop-6.2.16.jar:6.2.16]
	at org.springframework.dao.support.PersistenceExceptionTranslationInterceptor.invoke(PersistenceExceptionTranslationInterceptor.java:138) ~[spring-tx-6.2.16.jar:6.2.16]
	at org.springframework.aop.framework.ReflectiveMethodInvocation.proceed(ReflectiveMethodInvocation.java:184) ~[spring-aop-6.2.16.jar:6.2.16]
	at org.springframework.data.jpa.repository.support.CrudMethodMetadataPostProcessor$CrudMethodMetadataPopulatingMethodInterceptor.invoke(CrudMethodMetadataPostProcessor.java:136) ~[spring-data-jpa-3.5.9.jar:3.5.9]
	at org.springframework.aop.framework.ReflectiveMethodInvocation.proceed(ReflectiveMethodInvocation.java:184) ~[spring-aop-6.2.16.jar:6.2.16]
	at org.springframework.aop.framework.JdkDynamicAopProxy.invoke(JdkDynamicAopProxy.java:223) ~[spring-aop-6.2.16.jar:6.2.16]
	at jdk.proxy4/jdk.proxy4.$Proxy131.findIdAndFirstNameAndLastNameAndPetName(Unknown Source) ~[na:na]
	at com.abhishekvermaa10.service.impl.OwnerServiceImpl.findIdAndFirstNameAndLastNameAndPetNameOfPaginatedOwners(OwnerServiceImpl.java:78) ~[classes/:na]
	at java.base/jdk.internal.reflect.DirectMethodHandleAccessor.invoke(DirectMethodHandleAccessor.java:103) ~[na:na]
	at java.base/java.lang.reflect.Method.invoke(Method.java:580) ~[na:na]
	at org.springframework.aop.support.AopUtils.invokeJoinpointUsingReflection(AopUtils.java:360) ~[spring-aop-6.2.16.jar:6.2.16]
	at org.springframework.aop.framework.ReflectiveMethodInvocation.invokeJoinpoint(ReflectiveMethodInvocation.java:196) ~[spring-aop-6.2.16.jar:6.2.16]
	at org.springframework.aop.framework.ReflectiveMethodInvocation.proceed(ReflectiveMethodInvocation.java:163) ~[spring-aop-6.2.16.jar:6.2.16]
	at org.springframework.aop.aspectj.AspectJAfterThrowingAdvice.invoke(AspectJAfterThrowingAdvice.java:64) ~[spring-aop-6.2.16.jar:6.2.16]
	at org.springframework.aop.framework.ReflectiveMethodInvocation.proceed(ReflectiveMethodInvocation.java:184) ~[spring-aop-6.2.16.jar:6.2.16]
	at org.springframework.aop.framework.adapter.AfterReturningAdviceInterceptor.invoke(AfterReturningAdviceInterceptor.java:57) ~[spring-aop-6.2.16.jar:6.2.16]
	at org.springframework.aop.framework.ReflectiveMethodInvocation.proceed(ReflectiveMethodInvocation.java:184) ~[spring-aop-6.2.16.jar:6.2.16]
	at org.springframework.aop.framework.adapter.MethodBeforeAdviceInterceptor.invoke(MethodBeforeAdviceInterceptor.java:58) ~[spring-aop-6.2.16.jar:6.2.16]
	at org.springframework.aop.framework.ReflectiveMethodInvocation.proceed(ReflectiveMethodInvocation.java:184) ~[spring-aop-6.2.16.jar:6.2.16]
	at org.springframework.aop.interceptor.ExposeInvocationInterceptor.invoke(ExposeInvocationInterceptor.java:97) ~[spring-aop-6.2.16.jar:6.2.16]
	at org.springframework.aop.framework.ReflectiveMethodInvocation.proceed(ReflectiveMethodInvocation.java:184) ~[spring-aop-6.2.16.jar:6.2.16]
	at org.springframework.aop.framework.CglibAopProxy$DynamicAdvisedInterceptor.intercept(CglibAopProxy.java:728) ~[spring-aop-6.2.16.jar:6.2.16]
	at com.abhishekvermaa10.service.impl.OwnerServiceImpl$$SpringCGLIB$$0.findIdAndFirstNameAndLastNameAndPetNameOfPaginatedOwners(<generated>) ~[classes/:na]
	at com.abhishekvermaa10.controller.OwnerController.getDetailsInPage(OwnerController.java:72) ~[classes/:na]
	at java.base/jdk.internal.reflect.DirectMethodHandleAccessor.invoke(DirectMethodHandleAccessor.java:103) ~[na:na]
	at java.base/java.lang.reflect.Method.invoke(Method.java:580) ~[na:na]
	at org.springframework.web.method.support.InvocableHandlerMethod.doInvoke(InvocableHandlerMethod.java:258) ~[spring-web-6.2.16.jar:6.2.16]
	at org.springframework.web.method.support.InvocableHandlerMethod.invokeForRequest(InvocableHandlerMethod.java:191) ~[spring-web-6.2.16.jar:6.2.16]
	at org.springframework.web.servlet.mvc.method.annotation.ServletInvocableHandlerMethod.invokeAndHandle(ServletInvocableHandlerMethod.java:118) ~[spring-webmvc-6.2.16.jar:6.2.16]
	at org.springframework.web.servlet.mvc.method.annotation.RequestMappingHandlerAdapter.invokeHandlerMethod(RequestMappingHandlerAdapter.java:991) ~[spring-webmvc-6.2.16.jar:6.2.16]
	at org.springframework.web.servlet.mvc.method.annotation.RequestMappingHandlerAdapter.handleInternal(RequestMappingHandlerAdapter.java:896) ~[spring-webmvc-6.2.16.jar:6.2.16]
	at org.springframework.web.servlet.mvc.method.AbstractHandlerMethodAdapter.handle(AbstractHandlerMethodAdapter.java:87) ~[spring-webmvc-6.2.16.jar:6.2.16]
	at org.springframework.web.servlet.DispatcherServlet.doDispatch(DispatcherServlet.java:1089) ~[spring-webmvc-6.2.16.jar:6.2.16]
	at org.springframework.web.servlet.DispatcherServlet.doService(DispatcherServlet.java:979) ~[spring-webmvc-6.2.16.jar:6.2.16]
	at org.springframework.web.servlet.FrameworkServlet.processRequest(FrameworkServlet.java:1014) ~[spring-webmvc-6.2.16.jar:6.2.16]
	at org.springframework.web.servlet.FrameworkServlet.doGet(FrameworkServlet.java:903) ~[spring-webmvc-6.2.16.jar:6.2.16]
	at jakarta.servlet.http.HttpServlet.service(HttpServlet.java:564) ~[tomcat-embed-core-10.1.52.jar:6.0]
	at org.springframework.web.servlet.FrameworkServlet.service(FrameworkServlet.java:885) ~[spring-webmvc-6.2.16.jar:6.2.16]
	at jakarta.servlet.http.HttpServlet.service(HttpServlet.java:658) ~[tomcat-embed-core-10.1.52.jar:6.0]
	at org.apache.catalina.core.ApplicationFilterChain.internalDoFilter(ApplicationFilterChain.java:193) ~[tomcat-embed-core-10.1.52.jar:10.1.52]
	at org.apache.catalina.core.ApplicationFilterChain.doFilter(ApplicationFilterChain.java:138) ~[tomcat-embed-core-10.1.52.jar:10.1.52]
	at org.apache.tomcat.websocket.server.WsFilter.doFilter(WsFilter.java:51) ~[tomcat-embed-websocket-10.1.52.jar:10.1.52]
	at org.apache.catalina.core.ApplicationFilterChain.internalDoFilter(ApplicationFilterChain.java:162) ~[tomcat-embed-core-10.1.52.jar:10.1.52]
	at org.apache.catalina.core.ApplicationFilterChain.doFilter(ApplicationFilterChain.java:138) ~[tomcat-embed-core-10.1.52.jar:10.1.52]
	at org.springframework.web.filter.RequestContextFilter.doFilterInternal(RequestContextFilter.java:100) ~[spring-web-6.2.16.jar:6.2.16]
	at org.springframework.web.filter.OncePerRequestFilter.doFilter(OncePerRequestFilter.java:116) ~[spring-web-6.2.16.jar:6.2.16]
	at org.apache.catalina.core.ApplicationFilterChain.internalDoFilter(ApplicationFilterChain.java:162) ~[tomcat-embed-core-10.1.52.jar:10.1.52]
	at org.apache.catalina.core.ApplicationFilterChain.doFilter(ApplicationFilterChain.java:138) ~[tomcat-embed-core-10.1.52.jar:10.1.52]
	at org.springframework.web.filter.FormContentFilter.doFilterInternal(FormContentFilter.java:93) ~[spring-web-6.2.16.jar:6.2.16]
	at org.springframework.web.filter.OncePerRequestFilter.doFilter(OncePerRequestFilter.java:116) ~[spring-web-6.2.16.jar:6.2.16]
	at org.apache.catalina.core.ApplicationFilterChain.internalDoFilter(ApplicationFilterChain.java:162) ~[tomcat-embed-core-10.1.52.jar:10.1.52]
	at org.apache.catalina.core.ApplicationFilterChain.doFilter(ApplicationFilterChain.java:138) ~[tomcat-embed-core-10.1.52.jar:10.1.52]
	at org.springframework.web.filter.CharacterEncodingFilter.doFilterInternal(CharacterEncodingFilter.java:201) ~[spring-web-6.2.16.jar:6.2.16]
	at org.springframework.web.filter.OncePerRequestFilter.doFilter(OncePerRequestFilter.java:116) ~[spring-web-6.2.16.jar:6.2.16]
	at org.apache.catalina.core.ApplicationFilterChain.internalDoFilter(ApplicationFilterChain.java:162) ~[tomcat-embed-core-10.1.52.jar:10.1.52]
	at org.apache.catalina.core.ApplicationFilterChain.doFilter(ApplicationFilterChain.java:138) ~[tomcat-embed-core-10.1.52.jar:10.1.52]
	at org.apache.catalina.core.StandardWrapperValve.invoke(StandardWrapperValve.java:165) ~[tomcat-embed-core-10.1.52.jar:10.1.52]
	at org.apache.catalina.core.StandardContextValve.invoke(StandardContextValve.java:88) ~[tomcat-embed-core-10.1.52.jar:10.1.52]
	at org.apache.catalina.authenticator.AuthenticatorBase.invoke(AuthenticatorBase.java:492) ~[tomcat-embed-core-10.1.52.jar:10.1.52]
	at org.apache.catalina.core.StandardHostValve.invoke(StandardHostValve.java:113) ~[tomcat-embed-core-10.1.52.jar:10.1.52]
	at org.apache.catalina.valves.ErrorReportValve.invoke(ErrorReportValve.java:83) ~[tomcat-embed-core-10.1.52.jar:10.1.52]
	at org.apache.catalina.core.StandardEngineValve.invoke(StandardEngineValve.java:72) ~[tomcat-embed-core-10.1.52.jar:10.1.52]
	at org.apache.catalina.connector.CoyoteAdapter.service(CoyoteAdapter.java:342) ~[tomcat-embed-core-10.1.52.jar:10.1.52]
	at org.apache.coyote.http11.Http11Processor.service(Http11Processor.java:399) ~[tomcat-embed-core-10.1.52.jar:10.1.52]
	at org.apache.coyote.AbstractProcessorLight.process(AbstractProcessorLight.java:63) ~[tomcat-embed-core-10.1.52.jar:10.1.52]
	at org.apache.coyote.AbstractProtocol$ConnectionHandler.process(AbstractProtocol.java:903) ~[tomcat-embed-core-10.1.52.jar:10.1.52]
	at org.apache.tomcat.util.net.NioEndpoint$SocketProcessor.doRun(NioEndpoint.java:1775) ~[tomcat-embed-core-10.1.52.jar:10.1.52]
	at org.apache.tomcat.util.net.SocketProcessorBase.run(SocketProcessorBase.java:52) ~[tomcat-embed-core-10.1.52.jar:10.1.52]
	at org.apache.tomcat.util.threads.ThreadPoolExecutor.runWorker(ThreadPoolExecutor.java:973) ~[tomcat-embed-core-10.1.52.jar:10.1.52]
	at org.apache.tomcat.util.threads.ThreadPoolExecutor$Worker.run(ThreadPoolExecutor.java:491) ~[tomcat-embed-core-10.1.52.jar:10.1.52]
	at org.apache.tomcat.util.threads.TaskThread$WrappingRunnable.run(TaskThread.java:63) ~[tomcat-embed-core-10.1.52.jar:10.1.52]
	at java.base/java.lang.Thread.run(Thread.java:1583) ~[na:na]

2026-03-13T00:06:57.801+05:30  INFO 26508 --- [Petistaan] [http-nio-8080-exec-8] com.abhishekvermaa10.aspect.LogAspect    : Entered Page com.abhishekvermaa10.service.impl.OwnerServiceImpl.findIdAndFirstNameAndLastNameAndPetNameOfPaginatedOwners(Pageable) with arguments as [Page request [number: 0, size 5, sort: firstName: DESC]]
2026-03-13T00:06:58.257+05:30  INFO 26508 --- [Petistaan] [http-nio-8080-exec-8] com.abhishekvermaa10.aspect.LogAspect    : Completed Page com.abhishekvermaa10.service.impl.OwnerServiceImpl.findIdAndFirstNameAndLastNameAndPetNameOfPaginatedOwners(Pageable) with result as Page 1 of 15 containing com.abhishekvermaa10.dto.OwnerPetInfoDTO instances
2026-03-13T00:10:28.049+05:30  INFO 26508 --- [Petistaan] [http-nio-8080-exec-1] com.abhishekvermaa10.aspect.LogAspect    : Entered PetDTO com.abhishekvermaa10.service.impl.PetServiceImpl.findPet(int) with arguments as [20]
2026-03-13T00:10:28.288+05:30  INFO 26508 --- [Petistaan] [http-nio-8080-exec-1] com.abhishekvermaa10.aspect.LogAspect    : Completed PetDTO com.abhishekvermaa10.service.impl.PetServiceImpl.findPet(int) with result as DomesticPetDTO(super=PetDTO(id=20, name=Rocky, gender=M, type=DOG, ownerDTO=OwnerDTO(id=20, firstName=Grace, lastName=Parker, gender=F, city=Jamshedpur, state=Jharkhand, mobileNumber=9009009020, emailId=grace.parker@scaleupindia.com, petDTO=null)), birthDate=1982-02-08)
2026-03-13T00:11:17.784+05:30  INFO 26508 --- [Petistaan] [http-nio-8080-exec-2] com.abhishekvermaa10.aspect.LogAspect    : Entered AverageAgeDTO com.abhishekvermaa10.service.impl.PetServiceImpl.findAverageAgeOfPet() with arguments as []
2026-03-13T00:11:18.237+05:30  INFO 26508 --- [Petistaan] [http-nio-8080-exec-2] com.abhishekvermaa10.aspect.LogAspect    : Completed AverageAgeDTO com.abhishekvermaa10.service.impl.PetServiceImpl.findAverageAgeOfPet() with result as AverageAgeDTO(averageAge=41.0278)
2026-03-13T00:25:38.442+05:30  INFO 26508 --- [Petistaan] [SpringApplicationShutdownHook] o.s.b.w.e.tomcat.GracefulShutdown        : Commencing graceful shutdown. Waiting for active requests to complete
2026-03-13T00:25:38.538+05:30  INFO 26508 --- [Petistaan] [tomcat-shutdown] o.s.b.w.e.tomcat.GracefulShutdown        : Graceful shutdown complete
2026-03-13T00:25:38.682+05:30  INFO 26508 --- [Petistaan] [SpringApplicationShutdownHook] j.LocalContainerEntityManagerFactoryBean : Closing JPA EntityManagerFactory for persistence unit 'default'
2026-03-13T00:25:38.958+05:30  INFO 26508 --- [Petistaan] [SpringApplicationShutdownHook] com.zaxxer.hikari.HikariDataSource       : HikariPool-1 - Shutdown initiated...
2026-03-13T00:25:39.036+05:30  INFO 26508 --- [Petistaan] [SpringApplicationShutdownHook] com.zaxxer.hikari.HikariDataSource       : HikariPool-1 - Shutdown completed.
